app/build/outputs/logs/manifest-merger-debug-report.txt
-- Merging decision tree log ---
manifest
ADDED from src\main\AndroidManifest.xml:2:1-84:12
	package
		ADDED from src\main\AndroidManifest.xml:3:5-47
		INJECTED from src\main\AndroidManifest.xml
		INJECTED from src\main\AndroidManifest.xml
	android:versionName
		ADDED from src\main\AndroidManifest.xml:5:5-30
		INJECTED from src\main\AndroidManifest.xml
		INJECTED from src\main\AndroidManifest.xml
	android:versionCode
		ADDED from src\main\AndroidManifest.xml:4:5-28
		INJECTED from src\main\AndroidManifest.xml
		INJECTED from src\main\AndroidManifest.xml
	xmlns:android
		ADDED from src\main\AndroidManifest.xml:2:11-69
uses-sdk
ADDED from src\main\AndroidManifest.xml:7:5-9:41
	android:targetSdkVersion
		ADDED from src\main\AndroidManifest.xml:9:9-38
		INJECTED from src\main\AndroidManifest.xml
		INJECTED from src\main\AndroidManifest.xml
	android:minSdkVersion
		ADDED from src\main\AndroidManifest.xml:8:9-35
		INJECTED from src\main\AndroidManifest.xml
		INJECTED from src\main\AndroidManifest.xml
uses-permission#android.permission.ACCESS_NETWORK_STATE
ADDED from src\main\AndroidManifest.xml:10:5-79
	android:name
		ADDED from src\main\AndroidManifest.xml:10:22-76
uses-permission#android.permission.INTERNET
ADDED from src\main\AndroidManifest.xml:11:2-12:50
	android:name
		ADDED from src\main\AndroidManifest.xml:12:6-48
application
ADDED from src\main\AndroidManifest.xml:13:5-82:19
	android:label
		ADDED from src\main\AndroidManifest.xml:17:9-41
	android:allowBackup
		ADDED from src\main\AndroidManifest.xml:14:9-35
	android:icon
		ADDED from src\main\AndroidManifest.xml:16:9-45
	android:theme
		ADDED from src\main\AndroidManifest.xml:18:9-40
activity#com.example.siaka_akpar_makassar.Act_utama
ADDED from src\main\AndroidManifest.xml:20:9-30:20
	android:screenOrientation
		ADDED from src\main\AndroidManifest.xml:22:13-49
	android:label
		ADDED from src\main\AndroidManifest.xml:24:13-45
	android:configChanges
		ADDED from src\main\AndroidManifest.xml:23:13-63
	android:name
		ADDED from src\main\AndroidManifest.xml:21:13-70
intent-filter#android.intent.action.MAIN+android.intent.category.LAUNCHER
ADDED from src\main\AndroidManifest.xml:25:13-29:29
action#android.intent.action.MAIN
ADDED from src\main\AndroidManifest.xml:26:17-69
	android:name
		ADDED from src\main\AndroidManifest.xml:26:25-66
category#android.intent.category.LAUNCHER
ADDED from src\main\AndroidManifest.xml:28:17-77
	android:name
		ADDED from src\main\AndroidManifest.xml:28:27-74
activity#com.example.siaka_akpar_makassar.Act_login
ADDED from src\main\AndroidManifest.xml:31:9-33:38
	android:screenOrientation
		ADDED from src\main\AndroidManifest.xml:32:13-49
	android:label
		ADDED from src\main\AndroidManifest.xml:33:10-36
	android:name
		ADDED from src\main\AndroidManifest.xml:31:19-76
activity#com.example.siaka_akpar_makassar.JSONParser
ADDED from src\main\AndroidManifest.xml:34:9-35:51
	android:screenOrientation
		ADDED from src\main\AndroidManifest.xml:35:13-49
	android:name
		ADDED from src\main\AndroidManifest.xml:34:19-77
activity#com.example.siaka_akpar_makassar.Act_home2
ADDED from src\main\AndroidManifest.xml:36:9-37:51
	android:screenOrientation
		ADDED from src\main\AndroidManifest.xml:37:13-49
	android:name
		ADDED from src\main\AndroidManifest.xml:36:19-76
activity#com.example.siaka_akpar_makassar.Act_dosen
ADDED from src\main\AndroidManifest.xml:38:9-41:51
	android:screenOrientation
		ADDED from src\main\AndroidManifest.xml:41:13-49
	android:label
		ADDED from src\main\AndroidManifest.xml:39:13-41
	android:name
		ADDED from src\main\AndroidManifest.xml:40:13-70
activity#com.example.siaka_akpar_makassar.Act_matkul
ADDED from src\main\AndroidManifest.xml:42:9-45:51
	android:screenOrientation
		ADDED from src\main\AndroidManifest.xml:45:13-49
	android:label
		ADDED from src\main\AndroidManifest.xml:43:13-47
	android:name
		ADDED from src\main\AndroidManifest.xml:44:13-71
activity#com.example.siaka_akpar_makassar.Act_kelas
ADDED from src\main\AndroidManifest.xml:46:9-49:51
	android:screenOrientation
		ADDED from src\main\AndroidManifest.xml:49:13-49
	android:label
		ADDED from src\main\AndroidManifest.xml:47:13-34
	android:name
		ADDED from src\main\AndroidManifest.xml:48:13-70
activity#com.example.siaka_akpar_makassar.Act_transkrip
ADDED from src\main\AndroidManifest.xml:50:9-53:51
	android:screenOrientation
		ADDED from src\main\AndroidManifest.xml:53:13-49
	android:label
		ADDED from src\main\AndroidManifest.xml:51:13-38
	android:name
		ADDED from src\main\AndroidManifest.xml:52:13-74
activity#com.example.siaka_akpar_makassar.Tes_det_kls
ADDED from src\main\AndroidManifest.xml:54:9-57:51
	android:screenOrientation
		ADDED from src\main\AndroidManifest.xml:57:13-49
	android:label
		ADDED from src\main\AndroidManifest.xml:55:13-39
	android:name
		ADDED from src\main\AndroidManifest.xml:56:13-72
activity#com.example.siaka_akpar_makassar.Act_detail_kelas
ADDED from src\main\AndroidManifest.xml:58:9-61:51
	android:screenOrientation
		ADDED from src\main\AndroidManifest.xml:61:13-49
	android:label
		ADDED from src\main\AndroidManifest.xml:59:13-41
	android:name
		ADDED from src\main\AndroidManifest.xml:60:13-77
activity#com.example.siaka_akpar_makassar.Act_informasi
ADDED from src\main\AndroidManifest.xml:62:9-64:51
	android:screenOrientation
		ADDED from src\main\AndroidManifest.xml:64:13-49
	android:label
		ADDED from src\main\AndroidManifest.xml:63:13-45
	android:name
		ADDED from src\main\AndroidManifest.xml:62:19-80
activity#com.example.siaka_akpar_makassar.Act_khs
ADDED from src\main\AndroidManifest.xml:65:9-67:51
	android:screenOrientation
		ADDED from src\main\AndroidManifest.xml:67:13-49
	android:label
		ADDED from src\main\AndroidManifest.xml:66:13-42
	android:name
		ADDED from src\main\AndroidManifest.xml:65:19-74
activity#com.example.siaka_akpar_makassar.Act_detail_khs
ADDED from src\main\AndroidManifest.xml:68:9-70:51
	android:screenOrientation
		ADDED from src\main\AndroidManifest.xml:70:13-49
	android:label
		ADDED from src\main\AndroidManifest.xml:69:13-42
	android:name
		ADDED from src\main\AndroidManifest.xml:68:19-81
activity#com.example.siaka_akpar_makassar.Act_mhs
ADDED from src\main\AndroidManifest.xml:71:9-73:51
	android:screenOrientation
		ADDED from src\main\AndroidManifest.xml:73:13-49
	android:label
		ADDED from src\main\AndroidManifest.xml:72:13-43
	android:name
		ADDED from src\main\AndroidManifest.xml:71:19-74
activity#com.example.siaka_akpar_makassar.Act_detail_informasi
ADDED from src\main\AndroidManifest.xml:74:9-77:51
	android:screenOrientation
		ADDED from src\main\AndroidManifest.xml:77:13-49
	android:label
		ADDED from src\main\AndroidManifest.xml:75:13-45
	android:name
		ADDED from src\main\AndroidManifest.xml:76:13-81
activity#com.example.siaka_akpar_makassar.Act_home
ADDED from src\main\AndroidManifest.xml:78:9-80:20
	android:screenOrientation
		ADDED from src\main\AndroidManifest.xml:79:13-49
	android:name
		ADDED from src\main\AndroidManifest.xml:78:19-75
activity#com.example.siaka_akpar_makassar.Act_set_get
ADDED from src\main\AndroidManifest.xml:81:9-80
	android:name
		ADDED from src\main\AndroidManifest.xml:81:19-78